running egg_info
creating build/ros2_project_sc23zyc/ros2_project_sc23zyc.egg-info
writing build/ros2_project_sc23zyc/ros2_project_sc23zyc.egg-info/PKG-INFO
writing dependency_links to build/ros2_project_sc23zyc/ros2_project_sc23zyc.egg-info/dependency_links.txt
writing entry points to build/ros2_project_sc23zyc/ros2_project_sc23zyc.egg-info/entry_points.txt
writing requirements to build/ros2_project_sc23zyc/ros2_project_sc23zyc.egg-info/requires.txt
writing top-level names to build/ros2_project_sc23zyc/ros2_project_sc23zyc.egg-info/top_level.txt
writing manifest file 'build/ros2_project_sc23zyc/ros2_project_sc23zyc.egg-info/SOURCES.txt'
reading manifest file 'build/ros2_project_sc23zyc/ros2_project_sc23zyc.egg-info/SOURCES.txt'
writing manifest file 'build/ros2_project_sc23zyc/ros2_project_sc23zyc.egg-info/SOURCES.txt'
running build
running build_py
creating /uolstore/home/student_lnxhome01/sc23zyc/ros2_ws/src/ros2_project_sc23zyc/build/ros2_project_sc23zyc/build
creating /uolstore/home/student_lnxhome01/sc23zyc/ros2_ws/src/ros2_project_sc23zyc/build/ros2_project_sc23zyc/build/lib
creating /uolstore/home/student_lnxhome01/sc23zyc/ros2_ws/src/ros2_project_sc23zyc/build/ros2_project_sc23zyc/build/lib/ros2_project_sc23zyc
copying ros2_project_sc23zyc/Skeleton_Code_First_Step.py -> /uolstore/home/student_lnxhome01/sc23zyc/ros2_ws/src/ros2_project_sc23zyc/build/ros2_project_sc23zyc/build/lib/ros2_project_sc23zyc
copying ros2_project_sc23zyc/Skeleton_Code_Fourth_Step.py -> /uolstore/home/student_lnxhome01/sc23zyc/ros2_ws/src/ros2_project_sc23zyc/build/ros2_project_sc23zyc/build/lib/ros2_project_sc23zyc
copying ros2_project_sc23zyc/Skeleton_Code_Second_Step.py -> /uolstore/home/student_lnxhome01/sc23zyc/ros2_ws/src/ros2_project_sc23zyc/build/ros2_project_sc23zyc/build/lib/ros2_project_sc23zyc
copying ros2_project_sc23zyc/Skeleton_Code_Third_Step.py -> /uolstore/home/student_lnxhome01/sc23zyc/ros2_ws/src/ros2_project_sc23zyc/build/ros2_project_sc23zyc/build/lib/ros2_project_sc23zyc
copying ros2_project_sc23zyc/__init__.py -> /uolstore/home/student_lnxhome01/sc23zyc/ros2_ws/src/ros2_project_sc23zyc/build/ros2_project_sc23zyc/build/lib/ros2_project_sc23zyc
copying ros2_project_sc23zyc/first_step.py -> /uolstore/home/student_lnxhome01/sc23zyc/ros2_ws/src/ros2_project_sc23zyc/build/ros2_project_sc23zyc/build/lib/ros2_project_sc23zyc
copying ros2_project_sc23zyc/cwk_code.py -> /uolstore/home/student_lnxhome01/sc23zyc/ros2_ws/src/ros2_project_sc23zyc/build/ros2_project_sc23zyc/build/lib/ros2_project_sc23zyc
running install
running install_lib
creating /uolstore/home/student_lnxhome01/sc23zyc/ros2_ws/src/ros2_project_sc23zyc/install/ros2_project_sc23zyc/lib/python3.10/site-packages/ros2_project_sc23zyc
copying /uolstore/home/student_lnxhome01/sc23zyc/ros2_ws/src/ros2_project_sc23zyc/build/ros2_project_sc23zyc/build/lib/ros2_project_sc23zyc/Skeleton_Code_First_Step.py -> /uolstore/home/student_lnxhome01/sc23zyc/ros2_ws/src/ros2_project_sc23zyc/install/ros2_project_sc23zyc/lib/python3.10/site-packages/ros2_project_sc23zyc
copying /uolstore/home/student_lnxhome01/sc23zyc/ros2_ws/src/ros2_project_sc23zyc/build/ros2_project_sc23zyc/build/lib/ros2_project_sc23zyc/Skeleton_Code_Fourth_Step.py -> /uolstore/home/student_lnxhome01/sc23zyc/ros2_ws/src/ros2_project_sc23zyc/install/ros2_project_sc23zyc/lib/python3.10/site-packages/ros2_project_sc23zyc
copying /uolstore/home/student_lnxhome01/sc23zyc/ros2_ws/src/ros2_project_sc23zyc/build/ros2_project_sc23zyc/build/lib/ros2_project_sc23zyc/Skeleton_Code_Second_Step.py -> /uolstore/home/student_lnxhome01/sc23zyc/ros2_ws/src/ros2_project_sc23zyc/install/ros2_project_sc23zyc/lib/python3.10/site-packages/ros2_project_sc23zyc
copying /uolstore/home/student_lnxhome01/sc23zyc/ros2_ws/src/ros2_project_sc23zyc/build/ros2_project_sc23zyc/build/lib/ros2_project_sc23zyc/Skeleton_Code_Third_Step.py -> /uolstore/home/student_lnxhome01/sc23zyc/ros2_ws/src/ros2_project_sc23zyc/install/ros2_project_sc23zyc/lib/python3.10/site-packages/ros2_project_sc23zyc
copying /uolstore/home/student_lnxhome01/sc23zyc/ros2_ws/src/ros2_project_sc23zyc/build/ros2_project_sc23zyc/build/lib/ros2_project_sc23zyc/__init__.py -> /uolstore/home/student_lnxhome01/sc23zyc/ros2_ws/src/ros2_project_sc23zyc/install/ros2_project_sc23zyc/lib/python3.10/site-packages/ros2_project_sc23zyc
copying /uolstore/home/student_lnxhome01/sc23zyc/ros2_ws/src/ros2_project_sc23zyc/build/ros2_project_sc23zyc/build/lib/ros2_project_sc23zyc/first_step.py -> /uolstore/home/student_lnxhome01/sc23zyc/ros2_ws/src/ros2_project_sc23zyc/install/ros2_project_sc23zyc/lib/python3.10/site-packages/ros2_project_sc23zyc
copying /uolstore/home/student_lnxhome01/sc23zyc/ros2_ws/src/ros2_project_sc23zyc/build/ros2_project_sc23zyc/build/lib/ros2_project_sc23zyc/cwk_code.py -> /uolstore/home/student_lnxhome01/sc23zyc/ros2_ws/src/ros2_project_sc23zyc/install/ros2_project_sc23zyc/lib/python3.10/site-packages/ros2_project_sc23zyc
byte-compiling /uolstore/home/student_lnxhome01/sc23zyc/ros2_ws/src/ros2_project_sc23zyc/install/ros2_project_sc23zyc/lib/python3.10/site-packages/ros2_project_sc23zyc/Skeleton_Code_First_Step.py to Skeleton_Code_First_Step.cpython-310.pyc
byte-compiling /uolstore/home/student_lnxhome01/sc23zyc/ros2_ws/src/ros2_project_sc23zyc/install/ros2_project_sc23zyc/lib/python3.10/site-packages/ros2_project_sc23zyc/Skeleton_Code_Fourth_Step.py to Skeleton_Code_Fourth_Step.cpython-310.pyc
byte-compiling /uolstore/home/student_lnxhome01/sc23zyc/ros2_ws/src/ros2_project_sc23zyc/install/ros2_project_sc23zyc/lib/python3.10/site-packages/ros2_project_sc23zyc/Skeleton_Code_Second_Step.py to Skeleton_Code_Second_Step.cpython-310.pyc
byte-compiling /uolstore/home/student_lnxhome01/sc23zyc/ros2_ws/src/ros2_project_sc23zyc/install/ros2_project_sc23zyc/lib/python3.10/site-packages/ros2_project_sc23zyc/Skeleton_Code_Third_Step.py to Skeleton_Code_Third_Step.cpython-310.pyc
byte-compiling /uolstore/home/student_lnxhome01/sc23zyc/ros2_ws/src/ros2_project_sc23zyc/install/ros2_project_sc23zyc/lib/python3.10/site-packages/ros2_project_sc23zyc/__init__.py to __init__.cpython-310.pyc
byte-compiling /uolstore/home/student_lnxhome01/sc23zyc/ros2_ws/src/ros2_project_sc23zyc/install/ros2_project_sc23zyc/lib/python3.10/site-packages/ros2_project_sc23zyc/first_step.py to first_step.cpython-310.pyc
byte-compiling /uolstore/home/student_lnxhome01/sc23zyc/ros2_ws/src/ros2_project_sc23zyc/install/ros2_project_sc23zyc/lib/python3.10/site-packages/ros2_project_sc23zyc/cwk_code.py to cwk_code.cpython-310.pyc
running install_data
creating /uolstore/home/student_lnxhome01/sc23zyc/ros2_ws/src/ros2_project_sc23zyc/install/ros2_project_sc23zyc/share/ament_index
creating /uolstore/home/student_lnxhome01/sc23zyc/ros2_ws/src/ros2_project_sc23zyc/install/ros2_project_sc23zyc/share/ament_index/resource_index
creating /uolstore/home/student_lnxhome01/sc23zyc/ros2_ws/src/ros2_project_sc23zyc/install/ros2_project_sc23zyc/share/ament_index/resource_index/packages
copying resource/ros2_project_sc23zyc -> /uolstore/home/student_lnxhome01/sc23zyc/ros2_ws/src/ros2_project_sc23zyc/install/ros2_project_sc23zyc/share/ament_index/resource_index/packages
copying package.xml -> /uolstore/home/student_lnxhome01/sc23zyc/ros2_ws/src/ros2_project_sc23zyc/install/ros2_project_sc23zyc/share/ros2_project_sc23zyc
running install_egg_info
Copying build/ros2_project_sc23zyc/ros2_project_sc23zyc.egg-info to /uolstore/home/student_lnxhome01/sc23zyc/ros2_ws/src/ros2_project_sc23zyc/install/ros2_project_sc23zyc/lib/python3.10/site-packages/ros2_project_sc23zyc-0.0.0-py3.10.egg-info
running install_scripts
Installing navigation script to /uolstore/home/student_lnxhome01/sc23zyc/ros2_ws/src/ros2_project_sc23zyc/install/ros2_project_sc23zyc/lib/ros2_project_sc23zyc
writing list of installed files to '/uolstore/home/student_lnxhome01/sc23zyc/ros2_ws/src/ros2_project_sc23zyc/build/ros2_project_sc23zyc/install.log'
