[2.088s] DEBUG:colcon:Command line arguments: ['/usr/bin/colcon', 'build', '--packages-select', 'ros2_project_sc23zyc']
[2.088s] DEBUG:colcon:Parsed command line arguments: Namespace(log_base=None, log_level=None, verb_name='build', build_base='build', install_base='install', merge_install=False, symlink_install=False, test_result_base=None, continue_on_error=False, executor='parallel', parallel_workers=16, event_handlers=None, ignore_user_meta=False, metas=['./colcon.meta'], base_paths=['.'], packages_ignore=None, packages_ignore_regex=None, paths=None, packages_up_to=None, packages_up_to_regex=None, packages_above=None, packages_above_and_dependencies=None, packages_above_depth=None, packages_select_by_dep=None, packages_skip_by_dep=None, packages_skip_up_to=None, packages_select_build_failed=False, packages_skip_build_finished=False, packages_select_test_failures=False, packages_skip_test_passed=False, packages_select=['ros2_project_sc23zyc'], packages_skip=None, packages_select_regex=None, packages_skip_regex=None, packages_start=None, packages_end=None, allow_overriding=[], cmake_args=None, cmake_target=None, cmake_target_skip_unavailable=False, cmake_clean_cache=False, cmake_clean_first=False, cmake_force_configure=False, ament_cmake_args=None, catkin_cmake_args=None, catkin_skip_building_tests=False, verb_parser=<colcon_defaults.argument_parser.defaults.DefaultArgumentsDecorator object at 0x7f0ef3925bd0>, verb_extension=<colcon_core.verb.build.BuildVerb object at 0x7f0ef3bde440>, main=<bound method BuildVerb.main of <colcon_core.verb.build.BuildVerb object at 0x7f0ef3bde440>>)
[2.538s] Level 1:colcon.colcon_core.package_discovery:discover_packages(colcon_meta) check parameters
[2.539s] Level 1:colcon.colcon_core.package_discovery:discover_packages(recursive) check parameters
[2.539s] Level 1:colcon.colcon_core.package_discovery:discover_packages(ignore) check parameters
[2.539s] Level 1:colcon.colcon_core.package_discovery:discover_packages(path) check parameters
[2.539s] Level 1:colcon.colcon_core.package_discovery:discover_packages(colcon_meta) discover
[2.540s] Level 1:colcon.colcon_core.package_discovery:discover_packages(recursive) discover
[2.540s] INFO:colcon.colcon_core.package_discovery:Crawling recursively for packages in '/uolstore/home/student_lnxhome01/sc23zyc/ros2_ws/src/ros2_project_sc23zyc'
[2.541s] Level 1:colcon.colcon_core.package_identification:_identify(.) by extensions ['ignore', 'ignore_ament_install']
[2.541s] Level 1:colcon.colcon_core.package_identification:_identify(.) by extension 'ignore'
[2.542s] Level 1:colcon.colcon_core.package_identification:_identify(.) by extension 'ignore_ament_install'
[2.544s] Level 1:colcon.colcon_core.package_identification:_identify(.) by extensions ['colcon_pkg']
[2.544s] Level 1:colcon.colcon_core.package_identification:_identify(.) by extension 'colcon_pkg'
[2.545s] Level 1:colcon.colcon_core.package_identification:_identify(.) by extensions ['colcon_meta']
[2.546s] Level 1:colcon.colcon_core.package_identification:_identify(.) by extension 'colcon_meta'
[2.547s] Level 1:colcon.colcon_core.package_identification:_identify(.) by extensions ['ros']
[2.547s] Level 1:colcon.colcon_core.package_identification:_identify(.) by extension 'ros'
[2.568s] DEBUG:colcon.colcon_core.package_identification:Package '.' with type 'ros.ament_python' and name 'ros2_project_sc23zyc'
[2.568s] Level 1:colcon.colcon_core.package_discovery:discover_packages(recursive) using defaults
[2.568s] Level 1:colcon.colcon_core.package_discovery:discover_packages(ignore) discover
[2.569s] Level 1:colcon.colcon_core.package_discovery:discover_packages(ignore) using defaults
[2.569s] Level 1:colcon.colcon_core.package_discovery:discover_packages(path) discover
[2.569s] Level 1:colcon.colcon_core.package_discovery:discover_packages(path) using defaults
[2.729s] Level 1:colcon.colcon_core.package_discovery:discover_packages(prefix_path) check parameters
[2.730s] Level 1:colcon.colcon_core.package_discovery:discover_packages(prefix_path) discover
[2.740s] Level 1:colcon.colcon_core.package_discovery:discover_packages(prefix_path) using defaults
[2.769s] Level 5:colcon.colcon_core.verb:set package 'ros2_project_sc23zyc' build argument 'cmake_args' from command line to 'None'
[2.770s] Level 5:colcon.colcon_core.verb:set package 'ros2_project_sc23zyc' build argument 'cmake_target' from command line to 'None'
[2.770s] Level 5:colcon.colcon_core.verb:set package 'ros2_project_sc23zyc' build argument 'cmake_target_skip_unavailable' from command line to 'False'
[2.770s] Level 5:colcon.colcon_core.verb:set package 'ros2_project_sc23zyc' build argument 'cmake_clean_cache' from command line to 'False'
[2.770s] Level 5:colcon.colcon_core.verb:set package 'ros2_project_sc23zyc' build argument 'cmake_clean_first' from command line to 'False'
[2.770s] Level 5:colcon.colcon_core.verb:set package 'ros2_project_sc23zyc' build argument 'cmake_force_configure' from command line to 'False'
[2.770s] Level 5:colcon.colcon_core.verb:set package 'ros2_project_sc23zyc' build argument 'ament_cmake_args' from command line to 'None'
[2.770s] Level 5:colcon.colcon_core.verb:set package 'ros2_project_sc23zyc' build argument 'catkin_cmake_args' from command line to 'None'
[2.770s] Level 5:colcon.colcon_core.verb:set package 'ros2_project_sc23zyc' build argument 'catkin_skip_building_tests' from command line to 'False'
[2.771s] DEBUG:colcon.colcon_core.verb:Building package 'ros2_project_sc23zyc' with the following arguments: {'ament_cmake_args': None, 'build_base': '/uolstore/home/student_lnxhome01/sc23zyc/ros2_ws/src/ros2_project_sc23zyc/build/ros2_project_sc23zyc', 'catkin_cmake_args': None, 'catkin_skip_building_tests': False, 'cmake_args': None, 'cmake_clean_cache': False, 'cmake_clean_first': False, 'cmake_force_configure': False, 'cmake_target': None, 'cmake_target_skip_unavailable': False, 'install_base': '/uolstore/home/student_lnxhome01/sc23zyc/ros2_ws/src/ros2_project_sc23zyc/install/ros2_project_sc23zyc', 'merge_install': False, 'path': '/uolstore/home/student_lnxhome01/sc23zyc/ros2_ws/src/ros2_project_sc23zyc', 'symlink_install': False, 'test_result_base': None}
[2.784s] INFO:colcon.colcon_core.executor:Executing jobs using 'parallel' executor
[2.794s] DEBUG:colcon.colcon_parallel_executor.executor.parallel:run_until_complete
[2.794s] INFO:colcon.colcon_ros.task.ament_python.build:Building ROS package in '/uolstore/home/student_lnxhome01/sc23zyc/ros2_ws/src/ros2_project_sc23zyc' with build type 'ament_python'
[2.795s] Level 1:colcon.colcon_core.shell:create_environment_hook('ros2_project_sc23zyc', 'ament_prefix_path')
[2.811s] INFO:colcon.colcon_core.plugin_system:Skipping extension 'colcon_core.shell.bat': Not used on non-Windows systems
[2.811s] INFO:colcon.colcon_core.shell:Creating environment hook '/uolstore/home/student_lnxhome01/sc23zyc/ros2_ws/src/ros2_project_sc23zyc/install/ros2_project_sc23zyc/share/ros2_project_sc23zyc/hook/ament_prefix_path.ps1'
[2.822s] INFO:colcon.colcon_core.shell:Creating environment descriptor '/uolstore/home/student_lnxhome01/sc23zyc/ros2_ws/src/ros2_project_sc23zyc/install/ros2_project_sc23zyc/share/ros2_project_sc23zyc/hook/ament_prefix_path.dsv'
[2.825s] INFO:colcon.colcon_core.shell:Creating environment hook '/uolstore/home/student_lnxhome01/sc23zyc/ros2_ws/src/ros2_project_sc23zyc/install/ros2_project_sc23zyc/share/ros2_project_sc23zyc/hook/ament_prefix_path.sh'
[2.839s] INFO:colcon.colcon_core.shell:Skip shell extension 'powershell' for command environment: Not usable outside of PowerShell
[2.839s] DEBUG:colcon.colcon_core.shell:Skip shell extension 'dsv' for command environment
[3.180s] INFO:colcon.colcon_core.task.python.build:Building Python package in '/uolstore/home/student_lnxhome01/sc23zyc/ros2_ws/src/ros2_project_sc23zyc'
[3.192s] INFO:colcon.colcon_core.shell:Skip shell extension 'powershell' for command environment: Not usable outside of PowerShell
[3.192s] DEBUG:colcon.colcon_core.shell:Skip shell extension 'dsv' for command environment
[3.801s] DEBUG:colcon.colcon_core.event_handler.log_command:Invoking command in '/uolstore/home/student_lnxhome01/sc23zyc/ros2_ws/src/ros2_project_sc23zyc': PS1=[COMP3631] Singularity> \w $ PYTHONPATH=/uolstore/home/student_lnxhome01/sc23zyc/ros2_ws/src/ros2_project_sc23zyc/build/ros2_project_sc23zyc/prefix_override:/uolstore/home/student_lnxhome01/sc23zyc/ros2_ws/src/ros2_project_sc23zyc/install/ros2_project_sc23zyc/lib/python3.10/site-packages: /usr/bin/python3 setup.py egg_info --egg-base build/ros2_project_sc23zyc build --build-base /uolstore/home/student_lnxhome01/sc23zyc/ros2_ws/src/ros2_project_sc23zyc/build/ros2_project_sc23zyc/build install --record /uolstore/home/student_lnxhome01/sc23zyc/ros2_ws/src/ros2_project_sc23zyc/build/ros2_project_sc23zyc/install.log --single-version-externally-managed
[4.409s] DEBUG:colcon.colcon_core.event_handler.log_command:Invoked command in '/uolstore/home/student_lnxhome01/sc23zyc/ros2_ws/src/ros2_project_sc23zyc' returned '0': PS1=[COMP3631] Singularity> \w $ PYTHONPATH=/uolstore/home/student_lnxhome01/sc23zyc/ros2_ws/src/ros2_project_sc23zyc/build/ros2_project_sc23zyc/prefix_override:/uolstore/home/student_lnxhome01/sc23zyc/ros2_ws/src/ros2_project_sc23zyc/install/ros2_project_sc23zyc/lib/python3.10/site-packages: /usr/bin/python3 setup.py egg_info --egg-base build/ros2_project_sc23zyc build --build-base /uolstore/home/student_lnxhome01/sc23zyc/ros2_ws/src/ros2_project_sc23zyc/build/ros2_project_sc23zyc/build install --record /uolstore/home/student_lnxhome01/sc23zyc/ros2_ws/src/ros2_project_sc23zyc/build/ros2_project_sc23zyc/install.log --single-version-externally-managed
[4.428s] Level 1:colcon.colcon_core.environment:checking '/uolstore/home/student_lnxhome01/sc23zyc/ros2_ws/src/ros2_project_sc23zyc/install/ros2_project_sc23zyc' for CMake module files
[4.434s] Level 1:colcon.colcon_core.environment:checking '/uolstore/home/student_lnxhome01/sc23zyc/ros2_ws/src/ros2_project_sc23zyc/install/ros2_project_sc23zyc' for CMake config files
[4.447s] Level 1:colcon.colcon_core.environment:checking '/uolstore/home/student_lnxhome01/sc23zyc/ros2_ws/src/ros2_project_sc23zyc/install/ros2_project_sc23zyc/lib'
[4.448s] Level 1:colcon.colcon_core.environment:checking '/uolstore/home/student_lnxhome01/sc23zyc/ros2_ws/src/ros2_project_sc23zyc/install/ros2_project_sc23zyc/bin'
[4.449s] Level 1:colcon.colcon_core.environment:checking '/uolstore/home/student_lnxhome01/sc23zyc/ros2_ws/src/ros2_project_sc23zyc/install/ros2_project_sc23zyc/lib/pkgconfig/ros2_project_sc23zyc.pc'
[4.450s] Level 1:colcon.colcon_core.environment:checking '/uolstore/home/student_lnxhome01/sc23zyc/ros2_ws/src/ros2_project_sc23zyc/install/ros2_project_sc23zyc/lib/python3.10/site-packages'
[4.451s] Level 1:colcon.colcon_core.shell:create_environment_hook('ros2_project_sc23zyc', 'pythonpath')
[4.463s] INFO:colcon.colcon_core.shell:Creating environment hook '/uolstore/home/student_lnxhome01/sc23zyc/ros2_ws/src/ros2_project_sc23zyc/install/ros2_project_sc23zyc/share/ros2_project_sc23zyc/hook/pythonpath.ps1'
[4.466s] INFO:colcon.colcon_core.shell:Creating environment descriptor '/uolstore/home/student_lnxhome01/sc23zyc/ros2_ws/src/ros2_project_sc23zyc/install/ros2_project_sc23zyc/share/ros2_project_sc23zyc/hook/pythonpath.dsv'
[4.470s] INFO:colcon.colcon_core.shell:Creating environment hook '/uolstore/home/student_lnxhome01/sc23zyc/ros2_ws/src/ros2_project_sc23zyc/install/ros2_project_sc23zyc/share/ros2_project_sc23zyc/hook/pythonpath.sh'
[4.474s] Level 1:colcon.colcon_core.environment:checking '/uolstore/home/student_lnxhome01/sc23zyc/ros2_ws/src/ros2_project_sc23zyc/install/ros2_project_sc23zyc/bin'
[4.474s] Level 1:colcon.colcon_core.environment:create_environment_scripts_only(ros2_project_sc23zyc)
[4.489s] INFO:colcon.colcon_core.shell:Creating package script '/uolstore/home/student_lnxhome01/sc23zyc/ros2_ws/src/ros2_project_sc23zyc/install/ros2_project_sc23zyc/share/ros2_project_sc23zyc/package.ps1'
[4.494s] INFO:colcon.colcon_core.shell:Creating package descriptor '/uolstore/home/student_lnxhome01/sc23zyc/ros2_ws/src/ros2_project_sc23zyc/install/ros2_project_sc23zyc/share/ros2_project_sc23zyc/package.dsv'
[4.498s] INFO:colcon.colcon_core.shell:Creating package script '/uolstore/home/student_lnxhome01/sc23zyc/ros2_ws/src/ros2_project_sc23zyc/install/ros2_project_sc23zyc/share/ros2_project_sc23zyc/package.sh'
[4.502s] INFO:colcon.colcon_core.shell:Creating package script '/uolstore/home/student_lnxhome01/sc23zyc/ros2_ws/src/ros2_project_sc23zyc/install/ros2_project_sc23zyc/share/ros2_project_sc23zyc/package.bash'
[4.507s] INFO:colcon.colcon_core.shell:Creating package script '/uolstore/home/student_lnxhome01/sc23zyc/ros2_ws/src/ros2_project_sc23zyc/install/ros2_project_sc23zyc/share/ros2_project_sc23zyc/package.zsh'
[4.510s] Level 1:colcon.colcon_core.environment:create_file_with_runtime_dependencies(/uolstore/home/student_lnxhome01/sc23zyc/ros2_ws/src/ros2_project_sc23zyc/install/ros2_project_sc23zyc/share/colcon-core/packages/ros2_project_sc23zyc)
[4.515s] DEBUG:colcon.colcon_parallel_executor.executor.parallel:closing loop
[4.515s] DEBUG:colcon.colcon_parallel_executor.executor.parallel:loop closed
[4.516s] DEBUG:colcon.colcon_parallel_executor.executor.parallel:run_until_complete finished with '0'
[4.517s] DEBUG:colcon.colcon_core.event_reactor:joining thread
[4.566s] INFO:colcon.colcon_core.plugin_system:Skipping extension 'colcon_notification.desktop_notification.notify_send': Could not find 'notify-send'
[4.566s] INFO:colcon.colcon_core.plugin_system:Skipping extension 'colcon_notification.desktop_notification.terminal_notifier': Not used on non-Darwin systems
[4.567s] INFO:colcon.colcon_core.plugin_system:Skipping extension 'colcon_notification.desktop_notification.win32': Not used on non-Windows systems
[4.567s] INFO:colcon.colcon_notification.desktop_notification:Sending desktop notification using 'notify2'
[4.591s] DEBUG:colcon.colcon_core.event_reactor:joined thread
[4.604s] INFO:colcon.colcon_core.shell:Creating prefix script '/uolstore/home/student_lnxhome01/sc23zyc/ros2_ws/src/ros2_project_sc23zyc/install/local_setup.ps1'
[4.608s] INFO:colcon.colcon_core.shell:Creating prefix util module '/uolstore/home/student_lnxhome01/sc23zyc/ros2_ws/src/ros2_project_sc23zyc/install/_local_setup_util_ps1.py'
[4.614s] INFO:colcon.colcon_core.shell:Creating prefix chain script '/uolstore/home/student_lnxhome01/sc23zyc/ros2_ws/src/ros2_project_sc23zyc/install/setup.ps1'
[4.632s] INFO:colcon.colcon_core.shell:Creating prefix script '/uolstore/home/student_lnxhome01/sc23zyc/ros2_ws/src/ros2_project_sc23zyc/install/local_setup.sh'
[4.637s] INFO:colcon.colcon_core.shell:Creating prefix util module '/uolstore/home/student_lnxhome01/sc23zyc/ros2_ws/src/ros2_project_sc23zyc/install/_local_setup_util_sh.py'
[4.641s] INFO:colcon.colcon_core.shell:Creating prefix chain script '/uolstore/home/student_lnxhome01/sc23zyc/ros2_ws/src/ros2_project_sc23zyc/install/setup.sh'
[4.656s] INFO:colcon.colcon_core.shell:Creating prefix script '/uolstore/home/student_lnxhome01/sc23zyc/ros2_ws/src/ros2_project_sc23zyc/install/local_setup.bash'
[4.660s] INFO:colcon.colcon_core.shell:Creating prefix chain script '/uolstore/home/student_lnxhome01/sc23zyc/ros2_ws/src/ros2_project_sc23zyc/install/setup.bash'
[4.675s] INFO:colcon.colcon_core.shell:Creating prefix script '/uolstore/home/student_lnxhome01/sc23zyc/ros2_ws/src/ros2_project_sc23zyc/install/local_setup.zsh'
[4.679s] INFO:colcon.colcon_core.shell:Creating prefix chain script '/uolstore/home/student_lnxhome01/sc23zyc/ros2_ws/src/ros2_project_sc23zyc/install/setup.zsh'
