/uolstore/home/student_lnxhome01/sc23zyc/ros2_ws/src/ros2_project_sc23zyc/install/ros2_project_sc23zyc/lib/python3.10/site-packages/ros2_project_sc23zyc/Skeleton_Code_First_Step.py
/uolstore/home/student_lnxhome01/sc23zyc/ros2_ws/src/ros2_project_sc23zyc/install/ros2_project_sc23zyc/lib/python3.10/site-packages/ros2_project_sc23zyc/Skeleton_Code_Fourth_Step.py
/uolstore/home/student_lnxhome01/sc23zyc/ros2_ws/src/ros2_project_sc23zyc/install/ros2_project_sc23zyc/lib/python3.10/site-packages/ros2_project_sc23zyc/Skeleton_Code_Second_Step.py
/uolstore/home/student_lnxhome01/sc23zyc/ros2_ws/src/ros2_project_sc23zyc/install/ros2_project_sc23zyc/lib/python3.10/site-packages/ros2_project_sc23zyc/Skeleton_Code_Third_Step.py
/uolstore/home/student_lnxhome01/sc23zyc/ros2_ws/src/ros2_project_sc23zyc/install/ros2_project_sc23zyc/lib/python3.10/site-packages/ros2_project_sc23zyc/__init__.py
/uolstore/home/student_lnxhome01/sc23zyc/ros2_ws/src/ros2_project_sc23zyc/install/ros2_project_sc23zyc/lib/python3.10/site-packages/ros2_project_sc23zyc/first_step.py
/uolstore/home/student_lnxhome01/sc23zyc/ros2_ws/src/ros2_project_sc23zyc/install/ros2_project_sc23zyc/lib/python3.10/site-packages/ros2_project_sc23zyc/cwk_code.py
/uolstore/home/student_lnxhome01/sc23zyc/ros2_ws/src/ros2_project_sc23zyc/install/ros2_project_sc23zyc/lib/python3.10/site-packages/ros2_project_sc23zyc/__pycache__/Skeleton_Code_First_Step.cpython-310.pyc
/uolstore/home/student_lnxhome01/sc23zyc/ros2_ws/src/ros2_project_sc23zyc/install/ros2_project_sc23zyc/lib/python3.10/site-packages/ros2_project_sc23zyc/__pycache__/Skeleton_Code_Fourth_Step.cpython-310.pyc
/uolstore/home/student_lnxhome01/sc23zyc/ros2_ws/src/ros2_project_sc23zyc/install/ros2_project_sc23zyc/lib/python3.10/site-packages/ros2_project_sc23zyc/__pycache__/Skeleton_Code_Second_Step.cpython-310.pyc
/uolstore/home/student_lnxhome01/sc23zyc/ros2_ws/src/ros2_project_sc23zyc/install/ros2_project_sc23zyc/lib/python3.10/site-packages/ros2_project_sc23zyc/__pycache__/Skeleton_Code_Third_Step.cpython-310.pyc
/uolstore/home/student_lnxhome01/sc23zyc/ros2_ws/src/ros2_project_sc23zyc/install/ros2_project_sc23zyc/lib/python3.10/site-packages/ros2_project_sc23zyc/__pycache__/__init__.cpython-310.pyc
/uolstore/home/student_lnxhome01/sc23zyc/ros2_ws/src/ros2_project_sc23zyc/install/ros2_project_sc23zyc/lib/python3.10/site-packages/ros2_project_sc23zyc/__pycache__/first_step.cpython-310.pyc
/uolstore/home/student_lnxhome01/sc23zyc/ros2_ws/src/ros2_project_sc23zyc/install/ros2_project_sc23zyc/lib/python3.10/site-packages/ros2_project_sc23zyc/__pycache__/cwk_code.cpython-310.pyc
/uolstore/home/student_lnxhome01/sc23zyc/ros2_ws/src/ros2_project_sc23zyc/install/ros2_project_sc23zyc/share/ament_index/resource_index/packages/ros2_project_sc23zyc
/uolstore/home/student_lnxhome01/sc23zyc/ros2_ws/src/ros2_project_sc23zyc/install/ros2_project_sc23zyc/share/ros2_project_sc23zyc/package.xml
/uolstore/home/student_lnxhome01/sc23zyc/ros2_ws/src/ros2_project_sc23zyc/install/ros2_project_sc23zyc/lib/python3.10/site-packages/ros2_project_sc23zyc-0.0.0-py3.10.egg-info/PKG-INFO
/uolstore/home/student_lnxhome01/sc23zyc/ros2_ws/src/ros2_project_sc23zyc/install/ros2_project_sc23zyc/lib/python3.10/site-packages/ros2_project_sc23zyc-0.0.0-py3.10.egg-info/zip-safe
/uolstore/home/student_lnxhome01/sc23zyc/ros2_ws/src/ros2_project_sc23zyc/install/ros2_project_sc23zyc/lib/python3.10/site-packages/ros2_project_sc23zyc-0.0.0-py3.10.egg-info/dependency_links.txt
/uolstore/home/student_lnxhome01/sc23zyc/ros2_ws/src/ros2_project_sc23zyc/install/ros2_project_sc23zyc/lib/python3.10/site-packages/ros2_project_sc23zyc-0.0.0-py3.10.egg-info/entry_points.txt
/uolstore/home/student_lnxhome01/sc23zyc/ros2_ws/src/ros2_project_sc23zyc/install/ros2_project_sc23zyc/lib/python3.10/site-packages/ros2_project_sc23zyc-0.0.0-py3.10.egg-info/requires.txt
/uolstore/home/student_lnxhome01/sc23zyc/ros2_ws/src/ros2_project_sc23zyc/install/ros2_project_sc23zyc/lib/python3.10/site-packages/ros2_project_sc23zyc-0.0.0-py3.10.egg-info/top_level.txt
/uolstore/home/student_lnxhome01/sc23zyc/ros2_ws/src/ros2_project_sc23zyc/install/ros2_project_sc23zyc/lib/python3.10/site-packages/ros2_project_sc23zyc-0.0.0-py3.10.egg-info/SOURCES.txt
/uolstore/home/student_lnxhome01/sc23zyc/ros2_ws/src/ros2_project_sc23zyc/install/ros2_project_sc23zyc/lib/ros2_project_sc23zyc/navigation
